================ ZalithLauncher Crash Report ================
▷ Time: Jul 9, 2026 4:46:04 AM
▷ Device: pa3q SM-S938U
▷ Arch: x86_64
▷ Android Version: 12
▷ Launcher Version: 2.5.12, build: all
===================== Crash Stack Trace =====================
java.io.FileNotFoundException: Source '/data/app/~~JjM38ICiUIEK0SgfccvNyg==/com.movtery.zalithlauncher.v2-q5FgpfR6Jm3zaUoJSzjfFA==/lib/x86_64/libawt_xawt.so' does not exist
	at m83.a(Unknown Source:47)
	at m83.d(Unknown Source:2)
	at s80.r(Unknown Source:505)
	at s80.K(Unknown Source:88)
	at t83.u0(Unknown Source:18)
	at os9.m0(Unknown Source:79)
	at c50.r(Unknown Source:83)
	at c50.K(Unknown Source:17)
	at t83.u0(Unknown Source:18)
	at os9.m0(Unknown Source:79)
	at qw9.m(Unknown Source:188)
	at pw9.r(Unknown Source:11)
	at ba0.m(Unknown Source:7)
	at ov9.F(Unknown Source:26)
	at u1.m(Unknown Source:22)
	at ba0.m(Unknown Source:32)
	at qc2.run(Unknown Source:113)
	at kl3.run(Unknown Source:33)
	at hb9.run(Unknown Source:2)
	at fo1.run(Unknown Source:87)

