================ ZalithLauncher Log ================
▷ Device: T767H T767H
▷ Arch: arm64
▷ Android Version: 11
▷ Launcher Version: 2.4.9_hotfix1-debug, build: all
====================================================
[15:59:04.923] [Renderers/INFO] Renderer loaded: Krypton Wrapper (opengles3 - e7b90ed6-e518-4d4e-93dc-5c7133cd5b31)
[15:59:04.924] [Renderers/INFO] Renderer loaded: GL4ES (opengles2 - 8b52d82d-8f6d-4d3a-a767-dc93f8b72fc7)
[15:59:04.924] [Renderers/INFO] Renderer loaded: VirGLRenderer (gallium_virgl - a3ccc1fe-de3f-4a81-8c45-2485181b63b3)
[15:59:04.924] [Renderers/INFO] Renderer loaded: Vulkan Zink (vulkan_zink - 0fa435e2-46df-45c9-906c-b29606aaef00)
[15:59:04.925] [Renderers/INFO] Renderer loaded: Freedreno (Adreno) (gallium_freedreno - 1ad7249f-5784-4f00-bc72-174b3578ee46)
[15:59:04.925] [Renderers/INFO] Renderer loaded: Panfrost (Mali) (gallium_panfrost - 9b2808c4-11af-4c72-a9c6-94c940396475)
[15:59:04.980] [PhysicalMouseChecker/INFO] Initialization complete, physical mouse connection status: false
[15:59:04.999] [VMActivity/INFO] Creating game launch session...
[15:59:05.000] [VMActivity/INFO] Launch config received - Version: 26.1.2 Fabric 0.19.3, Account: okito
[15:59:05.000] [VMActivity/INFO] Creating GameLauncher instance...
[15:59:05.000] [GameLauncher/ERROR] GameLauncher init started
[15:59:05.006] [AccountManager/INFO] Loaded 0 auth servers
[15:59:05.007] [GameLauncher/ERROR] Version: 26.1.2 Fabric 0.19.3, Account: okito
[15:59:05.008] [GameLauncher/ERROR] Step 1: Setting version...
[15:59:05.008] [GameLauncher/ERROR] Step 1 completed
[15:59:05.008] [GameLauncher/ERROR] Step 2: Setting account...
[15:59:05.008] [AccountManager/INFO] Loaded 1 accounts
[15:59:05.008] [GameLauncher/ERROR] Using online account: Local
[15:59:05.008] [GamePathManager/INFO] Loaded 1 game paths
[15:59:05.009] [GameLauncher/ERROR] Step 2 completed
[15:59:05.009] [GameLauncher/ERROR] GameLauncher init completed
[15:59:05.009] [VMActivity/INFO] GameLauncher created successfully
[15:59:05.009] [VersionsManager/DEBUG] Initiated by GamePathManager.reloadPath: starting to refresh the version list.
[15:59:05.049] [VersionsManager/INFO] Identified and added version: 1.8.9 Legacy Fabric 0.19.3, Path: (/storage/emulated/0/Android/data/com.movtery.zalithlauncher.v2.debug/files/.minecraft/versions/1.8.9 Legacy Fabric 0.19.3), Info: 1.8.9, Legacy Fabric - 0.19.3
[15:59:05.066] [VersionsManager/INFO] Identified and added version: 26.1.2 Fabric 0.19.3, Path: (/storage/emulated/0/Android/data/com.movtery.zalithlauncher.v2.debug/files/.minecraft/versions/26.1.2 Fabric 0.19.3), Info: 26.1.2, Fabric - 0.19.3
[15:59:05.156] [VersionsManager/DEBUG] Version list refreshed, refreshing the current version now.
[15:59:05.157] [VersionsManager/DEBUG] The current version is: 26.1.2 Fabric 0.19.3
[15:59:05.773] [GameLauncher/ERROR] Lazy initialization of OfflineYggdrasilServer started
[15:59:05.773] [GameLauncher/ERROR] createOfflineServer() called
[15:59:05.781] [GameLauncher/ERROR] Attempting to create OfflineYggdrasilServer instance
[15:59:05.782] [GameLauncher/ERROR] OfflineYggdrasilServer created successfully in 1ms
[15:59:05.783] [GameLauncher/ERROR] Lazy initialization of OfflineYggdrasilServer completed
[15:59:05.846] [GameLauncher/INFO] GLES version detected: 3
