================ ZalithLauncher Log ================
▷ Device: T767H T767H
▷ Arch: arm64
▷ Android Version: 11
▷ Launcher Version: 2.4.9_hotfix1-debug, build: all
====================================================
[16:02:31.649] [UnpackJreTask/INFO] Device requires environment: runtimes/jre-8/bin-arm64.tar.xz, contains = true
[16:02:31.652] [UnpackJreTask/INFO] Device requires environment: runtimes/jre-17/bin-arm64.tar.xz, contains = true
[16:02:31.653] [UnpackJreTask/INFO] Device requires environment: runtimes/jre-21/bin-arm64.tar.xz, contains = true
[16:02:31.654] [UnpackJreTask/INFO] Device requires environment: runtimes/jre-25/bin-arm64.tar.xz, contains = true
[16:02:31.662] [SplashActivity/INFO] The launcher contains the runtime environment: runtimes/jna/jna-arm64.zip
[16:02:31.662] [SplashActivity/INFO] The launcher contains the runtime environment: runtimes/jna/version
[16:02:31.662] [SplashActivity/INFO] The launcher contains the runtime environment: runtimes/jre-17/bin-arm.tar.xz
[16:02:31.662] [SplashActivity/INFO] The launcher contains the runtime environment: runtimes/jre-17/bin-arm64.tar.xz
[16:02:31.663] [SplashActivity/INFO] The launcher contains the runtime environment: runtimes/jre-17/bin-x86.tar.xz
[16:02:31.663] [SplashActivity/INFO] The launcher contains the runtime environment: runtimes/jre-17/bin-x86_64.tar.xz
[16:02:31.663] [SplashActivity/INFO] The launcher contains the runtime environment: runtimes/jre-17/universal.tar.xz
[16:02:31.663] [SplashActivity/INFO] The launcher contains the runtime environment: runtimes/jre-17/version
[16:02:31.663] [SplashActivity/INFO] The launcher contains the runtime environment: runtimes/jre-21/bin-arm.tar.xz
[16:02:31.663] [SplashActivity/INFO] The launcher contains the runtime environment: runtimes/jre-21/bin-arm64.tar.xz
[16:02:31.664] [SplashActivity/INFO] The launcher contains the runtime environment: runtimes/jre-21/bin-x86.tar.xz
[16:02:31.664] [SplashActivity/INFO] The launcher contains the runtime environment: runtimes/jre-21/bin-x86_64.tar.xz
[16:02:31.664] [SplashActivity/INFO] The launcher contains the runtime environment: runtimes/jre-21/universal.tar.xz
[16:02:31.664] [SplashActivity/INFO] The launcher contains the runtime environment: runtimes/jre-21/version
[16:02:31.664] [SplashActivity/INFO] The launcher contains the runtime environment: runtimes/jre-25/bin-arm.tar.xz
[16:02:31.664] [SplashActivity/INFO] The launcher contains the runtime environment: runtimes/jre-25/bin-arm64.tar.xz
[16:02:31.664] [SplashActivity/INFO] The launcher contains the runtime environment: runtimes/jre-25/bin-x86_64.tar.xz
[16:02:31.665] [SplashActivity/INFO] The launcher contains the runtime environment: runtimes/jre-25/universal.tar.xz
[16:02:31.665] [SplashActivity/INFO] The launcher contains the runtime environment: runtimes/jre-25/version
[16:02:31.665] [SplashActivity/INFO] The launcher contains the runtime environment: runtimes/jre-8/bin-arm.tar.xz
[16:02:31.665] [SplashActivity/INFO] The launcher contains the runtime environment: runtimes/jre-8/bin-arm64.tar.xz
[16:02:31.665] [SplashActivity/INFO] The launcher contains the runtime environment: runtimes/jre-8/bin-x86.tar.xz
[16:02:31.665] [SplashActivity/INFO] The launcher contains the runtime environment: runtimes/jre-8/bin-x86_64.tar.xz
[16:02:31.665] [SplashActivity/INFO] The launcher contains the runtime environment: runtimes/jre-8/universal.tar.xz
[16:02:31.665] [SplashActivity/INFO] The launcher contains the runtime environment: runtimes/jre-8/version
[16:02:31.666] [UnpackSingleTask/INFO] auth_libs: Pack is up-to-date with the launcher, continuing...
[16:02:31.667] [UnpackSingleTask/INFO] caciocavallo: Pack is up-to-date with the launcher, continuing...
[16:02:31.668] [UnpackSingleTask/INFO] caciocavallo17: Pack is up-to-date with the launcher, continuing...
[16:02:31.672] [UnpackSingleTask/INFO] jna: Pack is up-to-date with the launcher, continuing...
[16:02:31.673] [UnpackSingleTask/INFO] launcher: Pack is up-to-date with the launcher, continuing...
[16:02:31.674] [UnpackSingleTask/INFO] lwjgl3: Pack is up-to-date with the launcher, continuing...
[16:02:31.674] [SplashActivity/INFO] All content that needs to be extracted is already the latest version!
[16:02:31.715] [Renderers/INFO] Renderer loaded: Krypton Wrapper (opengles3 - e7b90ed6-e518-4d4e-93dc-5c7133cd5b31)
[16:02:31.715] [Renderers/INFO] Renderer loaded: GL4ES (opengles2 - 8b52d82d-8f6d-4d3a-a767-dc93f8b72fc7)
[16:02:31.715] [Renderers/INFO] Renderer loaded: Vulkan Zink (vulkan_zink - 0fa435e2-46df-45c9-906c-b29606aaef00)
[16:02:31.715] [Renderers/INFO] Renderer loaded: VirGLRenderer (gallium_virgl - a3ccc1fe-de3f-4a81-8c45-2485181b63b3)
[16:02:31.715] [Renderers/INFO] Renderer loaded: Freedreno (Adreno) (gallium_freedreno - 1ad7249f-5784-4f00-bc72-174b3578ee46)
[16:02:31.716] [Renderers/INFO] Renderer loaded: Panfrost (Mali) (gallium_panfrost - 9b2808c4-11af-4c72-a9c6-94c940396475)
[16:02:31.781] [LauncherUpgradeVM/INFO] App start check: Within rate limit, skipping
[16:02:31.794] [AccountManager/INFO] Loaded 0 auth servers
[16:02:31.796] [GamePathManager/INFO] Loaded 1 game paths
[16:02:31.797] [VersionsManager/DEBUG] Initiated by GamePathManager.reloadPath: starting to refresh the version list.
[16:02:31.797] [AccountManager/INFO] Loaded 1 accounts
[16:02:31.821] [VersionsManager/INFO] Identified and added version: 1.8.9 Legacy Fabric 0.19.3, Path: (/storage/emulated/0/Android/data/com.movtery.zalithlauncher.v2.debug/files/.minecraft/versions/1.8.9 Legacy Fabric 0.19.3), Info: 1.8.9, Legacy Fabric - 0.19.3
[16:02:31.835] [VersionsManager/INFO] Identified and added version: 26.1.2 Fabric 0.19.3, Path: (/storage/emulated/0/Android/data/com.movtery.zalithlauncher.v2.debug/files/.minecraft/versions/26.1.2 Fabric 0.19.3), Info: 26.1.2, Fabric - 0.19.3
[16:02:31.884] [VersionsManager/DEBUG] Version list refreshed, refreshing the current version now.
[16:02:31.885] [VersionsManager/DEBUG] The current version is: 1.8.9 Legacy Fabric 0.19.3
